\BOOKMARK [0][-]{chapter.1}{\376\377\000C\000S\000P\000B\000\040\0002\0002\0007\0000\000\040\000D\000e\000t\000a\000i\000l\000s}{}% 1
\BOOKMARK [1][-]{section*.1}{\376\377\000C\000l\000a\000s\000s\000\040\000D\000e\000s\000c\000r\000i\000p\000t\000i\000o\000n}{chapter.1}% 2
\BOOKMARK [2][-]{subsection.1.0.1}{\376\377\000B\000r\000i\000e\000f\000\040\000D\000e\000s\000c\000r\000i\000p\000t\000i\000o\000n\000\040\000o\000f\000\040\000C\000o\000u\000r\000s\000e\000\040\000C\000o\000n\000t\000e\000n\000t}{section*.1}% 3
\BOOKMARK [2][-]{subsection.1.0.2}{\376\377\000S\000p\000e\000c\000i\000f\000i\000c\000\040\000G\000o\000a\000l\000s}{section*.1}% 4
\BOOKMARK [2][-]{subsection.1.0.3}{\376\377\000I\000n\000s\000t\000r\000u\000c\000t\000o\000r\000\040\000I\000n\000f\000o\000r\000m\000a\000t\000i\000o\000n}{section*.1}% 5
\BOOKMARK [2][-]{subsection.1.0.4}{\376\377\000I\000m\000p\000o\000r\000t\000a\000n\000t\000\040\000D\000a\000t\000e\000s}{section*.1}% 6
\BOOKMARK [2][-]{subsection.1.0.5}{\376\377\000G\000r\000a\000d\000e\000\040\000B\000r\000e\000a\000k\000d\000o\000w\000n}{section*.1}% 7
\BOOKMARK [2][-]{subsection.1.0.6}{\376\377\000G\000r\000a\000d\000i\000n\000g\000\040\000S\000c\000a\000l\000e}{section*.1}% 8
\BOOKMARK [0][-]{chapter.2}{\376\377\000W\000e\000e\000k\000\040\0001}{}% 9
\BOOKMARK [1][-]{section*.5}{\376\377\000C\000+\000+\000\040\000R\000e\000v\000i\000e\000w\000,\000\040\000D\000e\000b\000u\000g\000g\000i\000n\000g\000,\000\040\000U\000n\000i\000t\000\040\000T\000e\000s\000t\000i\000n\000g}{chapter.2}% 10
\BOOKMARK [2][-]{subsection.2.0.1}{\376\377\000A\000c\000t\000i\000v\000i\000t\000i\000e\000s}{section*.5}% 11
\BOOKMARK [2][-]{subsection.2.0.2}{\376\377\000L\000e\000c\000t\000u\000r\000e\000s}{section*.5}% 12
\BOOKMARK [2][-]{subsection.2.0.3}{\376\377\000P\000r\000o\000g\000r\000a\000m\000m\000i\000n\000g\000\040\000A\000s\000s\000i\000g\000n\000m\000e\000n\000t}{section*.5}% 13
\BOOKMARK [2][-]{subsection.2.0.4}{\376\377\000N\000o\000t\000e\000s}{section*.5}% 14
\BOOKMARK [2][-]{subsection.2.0.5}{\376\377\000S\000e\000c\000.\000\040\0001\000.\0001\000\040\000-\000\040\000D\000a\000t\000a\000\040\000S\000t\000r\000u\000c\000t\000u\000r\000e\000s}{section*.5}% 15
\BOOKMARK [2][-]{subsection.2.0.6}{\376\377\000S\000e\000c\000.\000\040\0001\000.\0002\000\040\000-\000\040\000A\000b\000s\000t\000r\000a\000c\000t\000\040\000D\000a\000t\000a\000\040\000T\000y\000p\000e\000s}{section*.5}% 16
\BOOKMARK [2][-]{subsection.2.0.7}{\376\377\000S\000e\000c\000.\000\040\0001\000.\0003\000\040\000-\000\040\000A\000p\000p\000l\000i\000c\000a\000t\000i\000o\000n\000s\000\040\000o\000f\000\040\000A\000D\000T\000s}{section*.5}% 17
\BOOKMARK [0][-]{chapter.3}{\376\377\000W\000e\000e\000k\000\040\0002}{}% 18
\BOOKMARK [1][-]{section*.6}{\376\377\000O\000b\000j\000e\000c\000t\000\040\000O\000r\000i\000e\000n\000t\000a\000t\000i\000o\000n\000\040\000i\000n\000\040\000C\000+\000+\000\040\000\046\000\040\000A\000D\000T}{chapter.3}% 19
\BOOKMARK [2][-]{subsection.3.0.1}{\376\377\000A\000c\000t\000i\000v\000i\000t\000i\000e\000s}{section*.6}% 20
\BOOKMARK [2][-]{subsection.3.0.2}{\376\377\000L\000e\000c\000t\000u\000r\000e\000s}{section*.6}% 21
\BOOKMARK [2][-]{subsection.3.0.3}{\376\377\000P\000r\000o\000g\000r\000a\000m\000m\000i\000n\000g\000\040\000A\000s\000s\000i\000g\000n\000m\000e\000n\000t}{section*.6}% 22
\BOOKMARK [2][-]{subsection.3.0.4}{\376\377\000N\000o\000t\000e\000s}{section*.6}% 23
\BOOKMARK [2][-]{subsection.3.0.5}{\376\377\000S\000e\000c\000.\000\040\0002\000.\0001\000\040\000-\000\040\000O\000b\000j\000e\000c\000t\000s\000:\000\040\000I\000n\000t\000r\000o\000d\000u\000c\000t\000i\000o\000n}{section*.6}% 24
\BOOKMARK [2][-]{subsection.3.0.6}{\376\377\000S\000e\000c\000.\000\040\0002\000.\0002\000\040\000-\000\040\000U\000s\000i\000n\000g\000\040\000a\000\040\000C\000l\000a\000s\000s}{section*.6}% 25
\BOOKMARK [2][-]{subsection.3.0.7}{\376\377\000S\000e\000c\000.\000\040\0002\000.\0003\000\040\000-\000\040\000D\000e\000f\000i\000n\000i\000n\000g\000\040\000a\000\040\000C\000l\000a\000s\000s}{section*.6}% 26
\BOOKMARK [2][-]{subsection.3.0.8}{\376\377\000S\000e\000c\000.\000\040\0002\000.\0004\000\040\000-\000\040\000I\000n\000l\000i\000n\000e\000\040\000M\000e\000m\000b\000e\000r\000\040\000F\000u\000n\000c\000t\000i\000o\000n\000s}{section*.6}% 27
\BOOKMARK [2][-]{subsection.3.0.9}{\376\377\000S\000e\000c\000.\000\040\0002\000.\0005\000\040\000-\000\040\000M\000u\000t\000a\000t\000o\000r\000s\000,\000\040\000A\000c\000c\000e\000s\000s\000o\000r\000s\000,\000\040\000\046\000\040\000P\000r\000i\000v\000a\000t\000e\000\040\000H\000e\000l\000p\000e\000r\000s}{section*.6}% 28
\BOOKMARK [2][-]{subsection.3.0.10}{\376\377\000S\000e\000c\000.\000\040\0002\000.\0006\000\040\000-\000\040\000I\000n\000i\000t\000i\000a\000l\000i\000z\000a\000t\000i\000o\000n\000\040\000\046\000\040\000C\000o\000n\000s\000t\000r\000u\000c\000t\000o\000r\000s}{section*.6}% 29
\BOOKMARK [2][-]{subsection.3.0.11}{\376\377\000S\000e\000c\000.\000\040\0002\000.\0007\000\040\000-\000\040\000C\000l\000a\000s\000s\000e\000s\000\040\000a\000n\000d\000\040\000V\000e\000c\000t\000o\000r\000s\000\040\000/\000\040\000C\000l\000a\000s\000s\000e\000s}{section*.6}% 30
\BOOKMARK [2][-]{subsection.3.0.12}{\376\377\000S\000e\000c\000.\000\040\0002\000.\0008\000\040\000-\000\040\000S\000e\000p\000a\000r\000a\000t\000e\000\040\000F\000i\000l\000e\000s\000\040\000f\000o\000r\000\040\000C\000l\000a\000s\000s\000e\000s}{section*.6}% 31
\BOOKMARK [2][-]{subsection.3.0.13}{\376\377\000S\000e\000c\000.\000\040\0002\000.\0009\000\040\000-\000\040\000C\000h\000o\000o\000s\000i\000n\000g\000\040\000C\000l\000a\000s\000s\000e\000s\000\040\000t\000o\000\040\000C\000r\000e\000a\000t\000e}{section*.6}% 32
\BOOKMARK [2][-]{subsection.3.0.14}{\376\377\000S\000e\000c\000.\000\040\0002\000.\0001\0000\000\040\000-\000\040\000U\000n\000i\000t\000\040\000T\000e\000s\000t\000i\000n\000g\000\040\000\050\000C\000l\000a\000s\000s\000e\000s\000\051}{section*.6}% 33
